<?xml version="1.0" encoding="UTF-8"?>
<!-- Generated by org.testng.reporters.JUnitXMLReporter -->
<testsuite hostname="shabib-PC" name="Firefox Test" tests="1" failures="1" timestamp="28 Apr 2016 01:47:26 GMT" time="7.993" errors="0">
  <testcase name="searchTest" time="2.928" classname="Tests.SearchTest">
    <failure type="java.lang.AssertionError" message="expected [water] but found [Milk]">
      <![CDATA[java.lang.AssertionError: expected [water] but found [Milk]
	at Tests.SearchTest.searchTest(SearchTest.java:35)
... Removed 29 stack frames]]>
    </failure>
  </testcase> <!-- searchTest -->
</testsuite> <!-- Firefox Test -->
