<?xml version="1.0" encoding="UTF-8"?>
<!-- Generated by org.testng.reporters.JUnitXMLReporter -->
<testsuite hostname="shabib-PC" name="Firefox Test" tests="3" failures="0" timestamp="28 Apr 2016 04:40:51 GMT" time="9.356" errors="0">
  <testcase name="blankresultPage" time="1.795" classname="Tests.SearchTest"/>
  <testcase name="firstSearchTest" time="1.205" classname="Tests.SearchTest"/>
  <testcase name="firstSearchTest" time="1.287" classname="Tests.SearchTest"/>
</testsuite> <!-- Firefox Test -->
