<?xml version="1.0" encoding="UTF-8"?>
<testng-results skipped="0" failed="0" total="3" passed="3">
  <reporter-output>
  </reporter-output>
  <suite name="TestSuite" duration-ms="9356" started-at="2016-04-28T04:40:41Z" finished-at="2016-04-28T04:40:51Z">
    <groups>
    </groups>
    <test name="Firefox Test" duration-ms="9356" started-at="2016-04-28T04:40:41Z" finished-at="2016-04-28T04:40:51Z">
      <class name="Tests.SearchTest">
        <test-method status="PASS" signature="setup(java.lang.String, java.lang.String, java.lang.String, java.lang.String)[pri:0, instance:Tests.SearchTest@7f9a81e8]" name="setup" is-config="true" duration-ms="4616" started-at="2016-04-28T00:40:41Z" finished-at="2016-04-28T00:40:46Z">
          <params>
            <param index="0">
              <value>
                <![CDATA[WINDOWS]]>
              </value>
            </param>
            <param index="1">
              <value>
                <![CDATA[firefox]]>
              </value>
            </param>
            <param index="2">
              <value>
                <![CDATA[ANY]]>
              </value>
            </param>
            <param index="3">
              <value>
                <![CDATA[http://www.wikipedia.org]]>
              </value>
            </param>
          </params>
          <reporter-output>
          </reporter-output>
        </test-method> <!-- setup -->
        <test-method status="PASS" signature="blankresultPage()[pri:0, instance:Tests.SearchTest@7f9a81e8]" name="blankresultPage" duration-ms="1795" started-at="2016-04-28T00:40:46Z" finished-at="2016-04-28T00:40:48Z">
          <reporter-output>
          </reporter-output>
        </test-method> <!-- blankresultPage -->
        <test-method status="PASS" signature="tearDown(org.testng.ITestResult)[pri:0, instance:Tests.SearchTest@7f9a81e8]" name="tearDown" is-config="true" duration-ms="0" started-at="2016-04-28T00:40:48Z" finished-at="2016-04-28T00:40:48Z">
          <params>
            <param index="0">
              <value>
                <![CDATA[[TestResult name=blankresultPage status=SUCCESS method=SearchTest.blankresultPage()[pri:0, instance:Tests.SearchTest@7f9a81e8] output={null}]]]>
              </value>
            </param>
          </params>
          <reporter-output>
          </reporter-output>
        </test-method> <!-- tearDown -->
        <test-method status="PASS" signature="firstSearchTest(java.lang.String, java.lang.String)[pri:0, instance:Tests.SearchTest@7f9a81e8]" name="firstSearchTest" duration-ms="1205" started-at="2016-04-28T00:40:48Z" data-provider="searchKeyAndHeading" finished-at="2016-04-28T00:40:49Z">
          <params>
            <param index="0">
              <value>
                <![CDATA[Albor]]>
              </value>
            </param>
            <param index="1">
              <value>
                <![CDATA[Albor]]>
              </value>
            </param>
          </params>
          <reporter-output>
          </reporter-output>
        </test-method> <!-- firstSearchTest -->
        <test-method status="PASS" signature="tearDown(org.testng.ITestResult)[pri:0, instance:Tests.SearchTest@7f9a81e8]" name="tearDown" is-config="true" duration-ms="0" started-at="2016-04-28T00:40:49Z" finished-at="2016-04-28T00:40:49Z">
          <params>
            <param index="0">
              <value>
                <![CDATA[[TestResult name=firstSearchTest status=SUCCESS method=SearchTest.firstSearchTest(java.lang.String, java.lang.String)[pri:0, instance:Tests.SearchTest@7f9a81e8] output={null}]]]>
              </value>
            </param>
          </params>
          <reporter-output>
          </reporter-output>
        </test-method> <!-- tearDown -->
        <test-method status="PASS" signature="firstSearchTest(java.lang.String, java.lang.String)[pri:0, instance:Tests.SearchTest@7f9a81e8]" name="firstSearchTest" duration-ms="1287" started-at="2016-04-28T00:40:49Z" data-provider="searchKeyAndHeading" finished-at="2016-04-28T00:40:50Z">
          <params>
            <param index="0">
              <value>
                <![CDATA[Sonie]]>
              </value>
            </param>
            <param index="1">
              <value>
                <![CDATA[Sonie]]>
              </value>
            </param>
          </params>
          <reporter-output>
          </reporter-output>
        </test-method> <!-- firstSearchTest -->
        <test-method status="PASS" signature="afterClass()[pri:0, instance:Tests.SearchTest@7f9a81e8]" name="afterClass" is-config="true" duration-ms="414" started-at="2016-04-28T00:40:50Z" finished-at="2016-04-28T00:40:51Z">
          <reporter-output>
          </reporter-output>
        </test-method> <!-- afterClass -->
        <test-method status="PASS" signature="tearDown(org.testng.ITestResult)[pri:0, instance:Tests.SearchTest@7f9a81e8]" name="tearDown" is-config="true" duration-ms="0" started-at="2016-04-28T00:40:50Z" finished-at="2016-04-28T00:40:50Z">
          <params>
            <param index="0">
              <value>
                <![CDATA[[TestResult name=firstSearchTest status=SUCCESS method=SearchTest.firstSearchTest(java.lang.String, java.lang.String)[pri:0, instance:Tests.SearchTest@7f9a81e8] output={null}]]]>
              </value>
            </param>
          </params>
          <reporter-output>
          </reporter-output>
        </test-method> <!-- tearDown -->
      </class> <!-- Tests.SearchTest -->
    </test> <!-- Firefox Test -->
  </suite> <!-- TestSuite -->
</testng-results>
