<?xml version="1.0" encoding="UTF-8"?>
<testng-results skipped="0" failed="1" total="2" passed="1">
  <reporter-output>
  </reporter-output>
  <suite name="TestSuite" duration-ms="36203" started-at="2016-04-26T04:23:10Z" finished-at="2016-04-26T04:23:46Z">
    <groups>
    </groups>
    <test name="Firefox Test" duration-ms="36203" started-at="2016-04-26T04:23:10Z" finished-at="2016-04-26T04:23:46Z">
      <class name="Tests.EmailTestwithgrid">
        <test-method status="PASS" signature="setup(java.lang.String, java.lang.String, java.lang.String, java.lang.String)[pri:0, instance:Tests.EmailTestwithgrid@7dc36524]" name="setup" is-config="true" duration-ms="5804" started-at="2016-04-26T00:23:10Z" finished-at="2016-04-26T00:23:16Z">
          <params>
            <param index="0">
              <value>
                <![CDATA[WINDOWS]]>
              </value>
            </param>
            <param index="1">
              <value>
                <![CDATA[firefox]]>
              </value>
            </param>
            <param index="2">
              <value>
                <![CDATA[ANY]]>
              </value>
            </param>
            <param index="3">
              <value>
                <![CDATA[http://www.gmail.com]]>
              </value>
            </param>
          </params>
          <reporter-output>
          </reporter-output>
        </test-method> <!-- setup -->
        <test-method status="PASS" signature="beforeClass()[pri:0, instance:Tests.EmailTestwithgrid@7dc36524]" name="beforeClass" is-config="true" duration-ms="0" started-at="2016-04-26T00:23:16Z" finished-at="2016-04-26T00:23:16Z">
          <reporter-output>
          </reporter-output>
        </test-method> <!-- beforeClass -->
        <test-method status="PASS" signature="TestLogin(java.lang.String, java.lang.String, java.lang.String, java.lang.String)[pri:0, instance:Tests.EmailTestwithgrid@7dc36524]" name="TestLogin" duration-ms="16225" started-at="2016-04-26T00:23:16Z" data-provider="EmailLoginFromCsv" finished-at="2016-04-26T00:23:32Z">
          <params>
            <param index="0">
              <value>
                <![CDATA[ugoodsdev3@gmail.com]]>
              </value>
            </param>
            <param index="1">
              <value>
                <![CDATA[ug0000dz]]>
              </value>
            </param>
            <param index="2">
              <value>
                <![CDATA[test1]]>
              </value>
            </param>
            <param index="3">
              <value>
                <![CDATA[test message]]>
              </value>
            </param>
          </params>
          <reporter-output>
          </reporter-output>
        </test-method> <!-- TestLogin -->
        <test-method status="PASS" signature="tearDown(org.testng.ITestResult)[pri:0, instance:Tests.EmailTestwithgrid@7dc36524]" name="tearDown" is-config="true" duration-ms="0" started-at="2016-04-26T00:23:32Z" finished-at="2016-04-26T00:23:32Z">
          <params>
            <param index="0">
              <value>
                <![CDATA[[TestResult name=TestLogin status=SUCCESS method=EmailTestwithgrid.TestLogin(java.lang.String, java.lang.String, java.lang.String, java.lang.String)[pri:0, instance:Tests.EmailTestwithgrid@7dc36524] output={null}]]]>
              </value>
            </param>
          </params>
          <reporter-output>
          </reporter-output>
        </test-method> <!-- tearDown -->
        <test-method status="FAIL" signature="TestLogin(java.lang.String, java.lang.String, java.lang.String, java.lang.String)[pri:0, instance:Tests.EmailTestwithgrid@7dc36524]" name="TestLogin" duration-ms="11788" started-at="2016-04-26T00:23:32Z" data-provider="EmailLoginFromCsv" finished-at="2016-04-26T00:23:44Z">
          <params>
            <param index="0">
              <value>
                <![CDATA[ugoodsdev3@gmail.com]]>
              </value>
            </param>
            <param index="1">
              <value>
                <![CDATA[ug0000dz]]>
              </value>
            </param>
            <param index="2">
              <value>
                <![CDATA[test2]]>
              </value>
            </param>
            <param index="3">
              <value>
                <![CDATA[new test message]]>
              </value>
            </param>
          </params>
          <exception class="org.openqa.selenium.ElementNotVisibleException">
            <message>
              <![CDATA[Element is not currently visible and so may not be interacted with
Build info: version: '2.53.0', revision: '35ae25b', time: '2016-03-15 17:00:58'
System info: host: 'shabib-PC', ip: '192.168.1.2', os.name: 'Windows 10', os.arch: 'amd64', os.version: '10.0', java.version: '1.8.0_73'
Driver info: driver.version: unknown
Command duration or timeout: 10.62 seconds
Build info: version: '2.53.0', revision: '35ae25b1534ae328c771e0856c93e187490ca824', time: '2016-03-15 10:43:46'
System info: host: 'shabib-PC', ip: '192.168.1.2', os.name: 'Windows 10', os.arch: 'amd64', os.version: '10.0', java.version: '1.8.0_73'
Driver info: Utilities.ScreenShotRemoteWebDriver
Capabilities [{applicationCacheEnabled=true, rotatable=false, handlesAlerts=true, databaseEnabled=true, version=45.0.2, platform=WINDOWS, nativeEvents=false, acceptSslCerts=true, webdriver.remote.sessionid=9557f45c-c295-49b1-a962-f0599cb2db1f, webStorageEnabled=true, locationContextEnabled=true, browserName=firefox, takesScreenshot=true, javascriptEnabled=true, cssSelectorsEnabled=true}]
Session ID: 9557f45c-c295-49b1-a962-f0599cb2db1f]]>
            </message>
            <full-stacktrace>
              <![CDATA[org.openqa.selenium.ElementNotVisibleException: Element is not currently visible and so may not be interacted with
Build info: version: '2.53.0', revision: '35ae25b', time: '2016-03-15 17:00:58'
System info: host: 'shabib-PC', ip: '192.168.1.2', os.name: 'Windows 10', os.arch: 'amd64', os.version: '10.0', java.version: '1.8.0_73'
Driver info: driver.version: unknown
Command duration or timeout: 10.62 seconds
Build info: version: '2.53.0', revision: '35ae25b1534ae328c771e0856c93e187490ca824', time: '2016-03-15 10:43:46'
System info: host: 'shabib-PC', ip: '192.168.1.2', os.name: 'Windows 10', os.arch: 'amd64', os.version: '10.0', java.version: '1.8.0_73'
Driver info: Utilities.ScreenShotRemoteWebDriver
Capabilities [{applicationCacheEnabled=true, rotatable=false, handlesAlerts=true, databaseEnabled=true, version=45.0.2, platform=WINDOWS, nativeEvents=false, acceptSslCerts=true, webdriver.remote.sessionid=9557f45c-c295-49b1-a962-f0599cb2db1f, webStorageEnabled=true, locationContextEnabled=true, browserName=firefox, takesScreenshot=true, javascriptEnabled=true, cssSelectorsEnabled=true}]
Session ID: 9557f45c-c295-49b1-a962-f0599cb2db1f
	at sun.reflect.NativeConstructorAccessorImpl.newInstance0(Native Method)
	at sun.reflect.NativeConstructorAccessorImpl.newInstance(NativeConstructorAccessorImpl.java:62)
	at sun.reflect.DelegatingConstructorAccessorImpl.newInstance(DelegatingConstructorAccessorImpl.java:45)
	at java.lang.reflect.Constructor.newInstance(Constructor.java:422)
	at org.openqa.selenium.remote.ErrorHandler.createThrowable(ErrorHandler.java:206)
	at org.openqa.selenium.remote.ErrorHandler.throwIfResponseFailed(ErrorHandler.java:158)
	at org.openqa.selenium.remote.RemoteWebDriver.execute(RemoteWebDriver.java:678)
	at org.openqa.selenium.remote.RemoteWebElement.execute(RemoteWebElement.java:327)
	at org.openqa.selenium.remote.RemoteWebElement.clear(RemoteWebElement.java:140)
	at sun.reflect.NativeMethodAccessorImpl.invoke0(Native Method)
	at sun.reflect.NativeMethodAccessorImpl.invoke(NativeMethodAccessorImpl.java:62)
	at sun.reflect.DelegatingMethodAccessorImpl.invoke(DelegatingMethodAccessorImpl.java:43)
	at java.lang.reflect.Method.invoke(Method.java:497)
	at org.openqa.selenium.support.pagefactory.internal.LocatingElementHandler.invoke(LocatingElementHandler.java:51)
	at com.sun.proxy.$Proxy7.clear(Unknown Source)
	at PageObjects.HomePage.fillUpEmail(HomePage.java:28)
	at Tests.EmailTestwithgrid.TestLogin(EmailTestwithgrid.java:33)
	at sun.reflect.NativeMethodAccessorImpl.invoke0(Native Method)
	at sun.reflect.NativeMethodAccessorImpl.invoke(NativeMethodAccessorImpl.java:62)
	at sun.reflect.DelegatingMethodAccessorImpl.invoke(DelegatingMethodAccessorImpl.java:43)
	at java.lang.reflect.Method.invoke(Method.java:497)
	at org.testng.internal.MethodInvocationHelper.invokeMethod(MethodInvocationHelper.java:80)
	at org.testng.internal.Invoker.invokeMethod(Invoker.java:714)
	at org.testng.internal.Invoker.invokeTestMethod(Invoker.java:901)
	at org.testng.internal.Invoker.invokeTestMethods(Invoker.java:1231)
	at org.testng.internal.TestMethodWorker.invokeTestMethods(TestMethodWorker.java:127)
	at org.testng.internal.TestMethodWorker.run(TestMethodWorker.java:111)
	at org.testng.TestRunner.privateRun(TestRunner.java:767)
	at org.testng.TestRunner.run(TestRunner.java:617)
	at org.testng.SuiteRunner.runTest(SuiteRunner.java:334)
	at org.testng.SuiteRunner.runSequentially(SuiteRunner.java:329)
	at org.testng.SuiteRunner.privateRun(SuiteRunner.java:291)
	at org.testng.SuiteRunner.run(SuiteRunner.java:240)
	at org.testng.SuiteRunnerWorker.runSuite(SuiteRunnerWorker.java:52)
	at org.testng.SuiteRunnerWorker.run(SuiteRunnerWorker.java:86)
	at org.testng.TestNG.runSuitesSequentially(TestNG.java:1198)
	at org.testng.TestNG.runSuitesLocally(TestNG.java:1123)
	at org.testng.TestNG.run(TestNG.java:1031)
	at org.apache.maven.surefire.testng.TestNGExecutor.run(TestNGExecutor.java:293)
	at org.apache.maven.surefire.testng.TestNGXmlTestSuite.execute(TestNGXmlTestSuite.java:84)
	at org.apache.maven.surefire.testng.TestNGProvider.invoke(TestNGProvider.java:91)
	at org.apache.maven.surefire.booter.ForkedBooter.invokeProviderInSameClassLoader(ForkedBooter.java:200)
	at org.apache.maven.surefire.booter.ForkedBooter.runSuitesInProcess(ForkedBooter.java:153)
	at org.apache.maven.surefire.booter.ForkedBooter.main(ForkedBooter.java:103)
Caused by: org.openqa.selenium.remote.ScreenshotException: Screen shot has been taken
Build info: version: '2.53.0', revision: '35ae25b1534ae328c771e0856c93e187490ca824', time: '2016-03-15 10:43:46'
System info: host: 'shabib-PC', ip: '192.168.1.2', os.name: 'Windows 10', os.arch: 'amd64', os.version: '10.0', java.version: '1.8.0_73'
Driver info: driver.version: RemoteWebDriver
	at org.openqa.selenium.remote.ErrorHandler.throwIfResponseFailed(ErrorHandler.java:138)
	... 38 more
Caused by: org.openqa.selenium.ElementNotVisibleException: Element is not currently visible and so may not be interacted with
Build info: version: '2.53.0', revision: '35ae25b', time: '2016-03-15 17:00:58'
System info: host: 'shabib-PC', ip: '192.168.1.2', os.name: 'Windows 10', os.arch: 'amd64', os.version: '10.0', java.version: '1.8.0_73'
Driver info: driver.version: unknown
Build info: version: '2.53.0', revision: '35ae25b1534ae328c771e0856c93e187490ca824', time: '2016-03-15 10:43:46'
System info: host: 'shabib-PC', ip: '192.168.1.2', os.name: 'Windows 10', os.arch: 'amd64', os.version: '10.0', java.version: '1.8.0_73'
Driver info: driver.version: unknown
	at <anonymous class>.fxdriver.preconditions.visible(file:///C:/Users/shabib/AppData/Local/Temp/anonymous1259669139866717694webdriver-profile/extensions/fxdriver@googlecode.com/components/command-processor.js:10092)
	at <anonymous class>.DelayedCommand.prototype.checkPreconditions_(file:///C:/Users/shabib/AppData/Local/Temp/anonymous1259669139866717694webdriver-profile/extensions/fxdriver@googlecode.com/components/command-processor.js:12644)
	at <anonymous class>.DelayedCommand.prototype.executeInternal_/h(file:///C:/Users/shabib/AppData/Local/Temp/anonymous1259669139866717694webdriver-profile/extensions/fxdriver@googlecode.com/components/command-processor.js:12661)
	at <anonymous class>.fxdriver.Timer.prototype.setTimeout/<.notify(file:///C:/Users/shabib/AppData/Local/Temp/anonymous1259669139866717694webdriver-profile/extensions/fxdriver@googlecode.com/components/command-processor.js:625)
]]>
            </full-stacktrace>
          </exception> <!-- org.openqa.selenium.ElementNotVisibleException -->
          <reporter-output>
          </reporter-output>
        </test-method> <!-- TestLogin -->
        <test-method status="PASS" signature="tearDown(org.testng.ITestResult)[pri:0, instance:Tests.EmailTestwithgrid@7dc36524]" name="tearDown" is-config="true" duration-ms="1696" started-at="2016-04-26T00:23:44Z" finished-at="2016-04-26T00:23:45Z">
          <params>
            <param index="0">
              <value>
                <![CDATA[[TestResult name=TestLogin status=FAILURE method=EmailTestwithgrid.TestLogin(java.lang.String, java.lang.String, java.lang.String, java.lang.String)[pri:0, instance:Tests.EmailTestwithgrid@7dc36524] output={null}]]]>
              </value>
            </param>
          </params>
          <reporter-output>
          </reporter-output>
        </test-method> <!-- tearDown -->
        <test-method status="PASS" signature="afterClass()[pri:0, instance:Tests.EmailTestwithgrid@7dc36524]" name="afterClass" is-config="true" duration-ms="647" started-at="2016-04-26T00:23:45Z" finished-at="2016-04-26T00:23:46Z">
          <reporter-output>
          </reporter-output>
        </test-method> <!-- afterClass -->
      </class> <!-- Tests.EmailTestwithgrid -->
    </test> <!-- Firefox Test -->
  </suite> <!-- TestSuite -->
</testng-results>
